# ERRORS
[23-Feb-2020 12:34:15 Europe/Belgrade] PHP Notice:  Undefined offset: 0 in D:\xampp\htdocs\termini\app\Controllers\MeniController.php on line 14
[23-Feb-2020 12:34:15 Europe/Belgrade] PHP Stack trace:
[23-Feb-2020 12:34:15 Europe/Belgrade] PHP   1. {main}() D:\xampp\htdocs\termini\pub\index.php:0
[23-Feb-2020 12:34:15 Europe/Belgrade] PHP   2. Slim\App->run() D:\xampp\htdocs\termini\pub\index.php:5
[23-Feb-2020 12:34:15 Europe/Belgrade] PHP   3. Slim\App->process() D:\xampp\htdocs\termini\vendor\slim\slim\Slim\App.php:297
[23-Feb-2020 12:34:15 Europe/Belgrade] PHP   4. Slim\App->callMiddlewareStack() D:\xampp\htdocs\termini\vendor\slim\slim\Slim\App.php:392
[23-Feb-2020 12:34:15 Europe/Belgrade] PHP   5. Slim\App->Slim\{closure}() D:\xampp\htdocs\termini\vendor\slim\slim\Slim\MiddlewareAwareTrait.php:117
[23-Feb-2020 12:34:15 Europe/Belgrade] PHP   6. call_user_func:{D:\xampp\htdocs\termini\vendor\slim\slim\Slim\MiddlewareAwareTrait.php:70}() D:\xampp\htdocs\termini\vendor\slim\slim\Slim\MiddlewareAwareTrait.php:70
[23-Feb-2020 12:34:15 Europe/Belgrade] PHP   7. Slim\DeferredCallable->__invoke() D:\xampp\htdocs\termini\vendor\slim\slim\Slim\MiddlewareAwareTrait.php:70
[23-Feb-2020 12:34:15 Europe/Belgrade] PHP   8. call_user_func_array:{D:\xampp\htdocs\termini\vendor\slim\slim\Slim\DeferredCallable.php:57}() D:\xampp\htdocs\termini\vendor\slim\slim\Slim\DeferredCallable.php:57
[23-Feb-2020 12:34:15 Europe/Belgrade] PHP   9. Slim\Csrf\Guard->__invoke() D:\xampp\htdocs\termini\vendor\slim\slim\Slim\DeferredCallable.php:57
[23-Feb-2020 12:34:15 Europe/Belgrade] PHP  10. Slim\App->Slim\{closure}() D:\xampp\htdocs\termini\vendor\slim\csrf\src\Guard.php:171
[23-Feb-2020 12:34:15 Europe/Belgrade] PHP  11. call_user_func:{D:\xampp\htdocs\termini\vendor\slim\slim\Slim\MiddlewareAwareTrait.php:70}() D:\xampp\htdocs\termini\vendor\slim\slim\Slim\MiddlewareAwareTrait.php:70
[23-Feb-2020 12:34:15 Europe/Belgrade] PHP  12. Slim\DeferredCallable->__invoke() D:\xampp\htdocs\termini\vendor\slim\slim\Slim\MiddlewareAwareTrait.php:70
[23-Feb-2020 12:34:15 Europe/Belgrade] PHP  13. call_user_func_array:{D:\xampp\htdocs\termini\vendor\slim\slim\Slim\DeferredCallable.php:57}() D:\xampp\htdocs\termini\vendor\slim\slim\Slim\DeferredCallable.php:57
[23-Feb-2020 12:34:15 Europe/Belgrade] PHP  14. App\Middlewares\CsrfMiddleware->__invoke() D:\xampp\htdocs\termini\vendor\slim\slim\Slim\DeferredCallable.php:57
[23-Feb-2020 12:34:15 Europe/Belgrade] PHP  15. Slim\App->Slim\{closure}() D:\xampp\htdocs\termini\app\Middlewares\CsrfMiddleware.php:14
[23-Feb-2020 12:34:15 Europe/Belgrade] PHP  16. call_user_func:{D:\xampp\htdocs\termini\vendor\slim\slim\Slim\MiddlewareAwareTrait.php:70}() D:\xampp\htdocs\termini\vendor\slim\slim\Slim\MiddlewareAwareTrait.php:70
[23-Feb-2020 12:34:15 Europe/Belgrade] PHP  17. Slim\DeferredCallable->__invoke() D:\xampp\htdocs\termini\vendor\slim\slim\Slim\MiddlewareAwareTrait.php:70
[23-Feb-2020 12:34:15 Europe/Belgrade] PHP  18. call_user_func_array:{D:\xampp\htdocs\termini\vendor\slim\slim\Slim\DeferredCallable.php:57}() D:\xampp\htdocs\termini\vendor\slim\slim\Slim\DeferredCallable.php:57
[23-Feb-2020 12:34:15 Europe/Belgrade] PHP  19. App\Middlewares\OldMiddleware->__invoke() D:\xampp\htdocs\termini\vendor\slim\slim\Slim\DeferredCallable.php:57
[23-Feb-2020 12:34:15 Europe/Belgrade] PHP  20. Slim\App->Slim\{closure}() D:\xampp\htdocs\termini\app\Middlewares\OldMiddleware.php:13
[23-Feb-2020 12:34:15 Europe/Belgrade] PHP  21. call_user_func:{D:\xampp\htdocs\termini\vendor\slim\slim\Slim\MiddlewareAwareTrait.php:70}() D:\xampp\htdocs\termini\vendor\slim\slim\Slim\MiddlewareAwareTrait.php:70
[23-Feb-2020 12:34:15 Europe/Belgrade] PHP  22. Slim\DeferredCallable->__invoke() D:\xampp\htdocs\termini\vendor\slim\slim\Slim\MiddlewareAwareTrait.php:70
[23-Feb-2020 12:34:15 Europe/Belgrade] PHP  23. call_user_func_array:{D:\xampp\htdocs\termini\vendor\slim\slim\Slim\DeferredCallable.php:57}() D:\xampp\htdocs\termini\vendor\slim\slim\Slim\DeferredCallable.php:57
[23-Feb-2020 12:34:15 Europe/Belgrade] PHP  24. App\Middlewares\ValidationErrorsMiddleware->__invoke() D:\xampp\htdocs\termini\vendor\slim\slim\Slim\DeferredCallable.php:57
[23-Feb-2020 12:34:15 Europe/Belgrade] PHP  25. Slim\App->__invoke() D:\xampp\htdocs\termini\app\Middlewares\ValidationErrorsMiddleware.php:15
[23-Feb-2020 12:34:15 Europe/Belgrade] PHP  26. Slim\Route->run() D:\xampp\htdocs\termini\vendor\slim\slim\Slim\App.php:503
[23-Feb-2020 12:34:15 Europe/Belgrade] PHP  27. Slim\Route->callMiddlewareStack() D:\xampp\htdocs\termini\vendor\slim\slim\Slim\Route.php:268
[23-Feb-2020 12:34:15 Europe/Belgrade] PHP  28. Slim\Route->Slim\{closure}() D:\xampp\htdocs\termini\vendor\slim\slim\Slim\MiddlewareAwareTrait.php:117
[23-Feb-2020 12:34:15 Europe/Belgrade] PHP  29. call_user_func:{D:\xampp\htdocs\termini\vendor\slim\slim\Slim\MiddlewareAwareTrait.php:70}() D:\xampp\htdocs\termini\vendor\slim\slim\Slim\MiddlewareAwareTrait.php:70
[23-Feb-2020 12:34:15 Europe/Belgrade] PHP  30. Slim\DeferredCallable->__invoke() D:\xampp\htdocs\termini\vendor\slim\slim\Slim\MiddlewareAwareTrait.php:70
[23-Feb-2020 12:34:15 Europe/Belgrade] PHP  31. call_user_func_array:{D:\xampp\htdocs\termini\vendor\slim\slim\Slim\DeferredCallable.php:57}() D:\xampp\htdocs\termini\vendor\slim\slim\Slim\DeferredCallable.php:57
[23-Feb-2020 12:34:15 Europe/Belgrade] PHP  32. App\Middlewares\UserLevelMiddleware->__invoke() D:\xampp\htdocs\termini\vendor\slim\slim\Slim\DeferredCallable.php:57
[23-Feb-2020 12:34:15 Europe/Belgrade] PHP  33. Slim\Route->__invoke() D:\xampp\htdocs\termini\app\Middlewares\UserLevelMiddleware.php:31
[23-Feb-2020 12:34:15 Europe/Belgrade] PHP  34. Slim\Handlers\Strategies\RequestResponse->__invoke() D:\xampp\htdocs\termini\vendor\slim\slim\Slim\Route.php:281
[23-Feb-2020 12:34:15 Europe/Belgrade] PHP  35. call_user_func:{D:\xampp\htdocs\termini\vendor\slim\slim\Slim\Handlers\Strategies\RequestResponse.php:40}() D:\xampp\htdocs\termini\vendor\slim\slim\Slim\Handlers\Strategies\RequestResponse.php:40
[23-Feb-2020 12:34:15 Europe/Belgrade] PHP  36. App\Controllers\MeniController->getMeni() D:\xampp\htdocs\termini\vendor\slim\slim\Slim\Handlers\Strategies\RequestResponse.php:40
[23-Feb-2020 12:35:30 Europe/Belgrade] PHP Notice:  Undefined offset: 0 in D:\xampp\htdocs\termini\app\Controllers\MeniController.php on line 14
[23-Feb-2020 12:35:30 Europe/Belgrade] PHP Stack trace:
[23-Feb-2020 12:35:30 Europe/Belgrade] PHP   1. {main}() D:\xampp\htdocs\termini\pub\index.php:0
[23-Feb-2020 12:35:30 Europe/Belgrade] PHP   2. Slim\App->run() D:\xampp\htdocs\termini\pub\index.php:5
[23-Feb-2020 12:35:30 Europe/Belgrade] PHP   3. Slim\App->process() D:\xampp\htdocs\termini\vendor\slim\slim\Slim\App.php:297
[23-Feb-2020 12:35:30 Europe/Belgrade] PHP   4. Slim\App->callMiddlewareStack() D:\xampp\htdocs\termini\vendor\slim\slim\Slim\App.php:392
[23-Feb-2020 12:35:30 Europe/Belgrade] PHP   5. Slim\App->Slim\{closure}() D:\xampp\htdocs\termini\vendor\slim\slim\Slim\MiddlewareAwareTrait.php:117
[23-Feb-2020 12:35:30 Europe/Belgrade] PHP   6. call_user_func:{D:\xampp\htdocs\termini\vendor\slim\slim\Slim\MiddlewareAwareTrait.php:70}() D:\xampp\htdocs\termini\vendor\slim\slim\Slim\MiddlewareAwareTrait.php:70
[23-Feb-2020 12:35:30 Europe/Belgrade] PHP   7. Slim\DeferredCallable->__invoke() D:\xampp\htdocs\termini\vendor\slim\slim\Slim\MiddlewareAwareTrait.php:70
[23-Feb-2020 12:35:30 Europe/Belgrade] PHP   8. call_user_func_array:{D:\xampp\htdocs\termini\vendor\slim\slim\Slim\DeferredCallable.php:57}() D:\xampp\htdocs\termini\vendor\slim\slim\Slim\DeferredCallable.php:57
[23-Feb-2020 12:35:30 Europe/Belgrade] PHP   9. Slim\Csrf\Guard->__invoke() D:\xampp\htdocs\termini\vendor\slim\slim\Slim\DeferredCallable.php:57
[23-Feb-2020 12:35:30 Europe/Belgrade] PHP  10. Slim\App->Slim\{closure}() D:\xampp\htdocs\termini\vendor\slim\csrf\src\Guard.php:171
[23-Feb-2020 12:35:30 Europe/Belgrade] PHP  11. call_user_func:{D:\xampp\htdocs\termini\vendor\slim\slim\Slim\MiddlewareAwareTrait.php:70}() D:\xampp\htdocs\termini\vendor\slim\slim\Slim\MiddlewareAwareTrait.php:70
[23-Feb-2020 12:35:30 Europe/Belgrade] PHP  12. Slim\DeferredCallable->__invoke() D:\xampp\htdocs\termini\vendor\slim\slim\Slim\MiddlewareAwareTrait.php:70
[23-Feb-2020 12:35:30 Europe/Belgrade] PHP  13. call_user_func_array:{D:\xampp\htdocs\termini\vendor\slim\slim\Slim\DeferredCallable.php:57}() D:\xampp\htdocs\termini\vendor\slim\slim\Slim\DeferredCallable.php:57
[23-Feb-2020 12:35:30 Europe/Belgrade] PHP  14. App\Middlewares\CsrfMiddleware->__invoke() D:\xampp\htdocs\termini\vendor\slim\slim\Slim\DeferredCallable.php:57
[23-Feb-2020 12:35:30 Europe/Belgrade] PHP  15. Slim\App->Slim\{closure}() D:\xampp\htdocs\termini\app\Middlewares\CsrfMiddleware.php:14
[23-Feb-2020 12:35:30 Europe/Belgrade] PHP  16. call_user_func:{D:\xampp\htdocs\termini\vendor\slim\slim\Slim\MiddlewareAwareTrait.php:70}() D:\xampp\htdocs\termini\vendor\slim\slim\Slim\MiddlewareAwareTrait.php:70
[23-Feb-2020 12:35:30 Europe/Belgrade] PHP  17. Slim\DeferredCallable->__invoke() D:\xampp\htdocs\termini\vendor\slim\slim\Slim\MiddlewareAwareTrait.php:70
[23-Feb-2020 12:35:30 Europe/Belgrade] PHP  18. call_user_func_array:{D:\xampp\htdocs\termini\vendor\slim\slim\Slim\DeferredCallable.php:57}() D:\xampp\htdocs\termini\vendor\slim\slim\Slim\DeferredCallable.php:57
[23-Feb-2020 12:35:30 Europe/Belgrade] PHP  19. App\Middlewares\OldMiddleware->__invoke() D:\xampp\htdocs\termini\vendor\slim\slim\Slim\DeferredCallable.php:57
[23-Feb-2020 12:35:30 Europe/Belgrade] PHP  20. Slim\App->Slim\{closure}() D:\xampp\htdocs\termini\app\Middlewares\OldMiddleware.php:13
[23-Feb-2020 12:35:30 Europe/Belgrade] PHP  21. call_user_func:{D:\xampp\htdocs\termini\vendor\slim\slim\Slim\MiddlewareAwareTrait.php:70}() D:\xampp\htdocs\termini\vendor\slim\slim\Slim\MiddlewareAwareTrait.php:70
[23-Feb-2020 12:35:30 Europe/Belgrade] PHP  22. Slim\DeferredCallable->__invoke() D:\xampp\htdocs\termini\vendor\slim\slim\Slim\MiddlewareAwareTrait.php:70
[23-Feb-2020 12:35:30 Europe/Belgrade] PHP  23. call_user_func_array:{D:\xampp\htdocs\termini\vendor\slim\slim\Slim\DeferredCallable.php:57}() D:\xampp\htdocs\termini\vendor\slim\slim\Slim\DeferredCallable.php:57
[23-Feb-2020 12:35:30 Europe/Belgrade] PHP  24. App\Middlewares\ValidationErrorsMiddleware->__invoke() D:\xampp\htdocs\termini\vendor\slim\slim\Slim\DeferredCallable.php:57
[23-Feb-2020 12:35:30 Europe/Belgrade] PHP  25. Slim\App->__invoke() D:\xampp\htdocs\termini\app\Middlewares\ValidationErrorsMiddleware.php:15
[23-Feb-2020 12:35:30 Europe/Belgrade] PHP  26. Slim\Route->run() D:\xampp\htdocs\termini\vendor\slim\slim\Slim\App.php:503
[23-Feb-2020 12:35:30 Europe/Belgrade] PHP  27. Slim\Route->callMiddlewareStack() D:\xampp\htdocs\termini\vendor\slim\slim\Slim\Route.php:268
[23-Feb-2020 12:35:30 Europe/Belgrade] PHP  28. Slim\Route->Slim\{closure}() D:\xampp\htdocs\termini\vendor\slim\slim\Slim\MiddlewareAwareTrait.php:117
[23-Feb-2020 12:35:30 Europe/Belgrade] PHP  29. call_user_func:{D:\xampp\htdocs\termini\vendor\slim\slim\Slim\MiddlewareAwareTrait.php:70}() D:\xampp\htdocs\termini\vendor\slim\slim\Slim\MiddlewareAwareTrait.php:70
[23-Feb-2020 12:35:30 Europe/Belgrade] PHP  30. Slim\DeferredCallable->__invoke() D:\xampp\htdocs\termini\vendor\slim\slim\Slim\MiddlewareAwareTrait.php:70
[23-Feb-2020 12:35:30 Europe/Belgrade] PHP  31. call_user_func_array:{D:\xampp\htdocs\termini\vendor\slim\slim\Slim\DeferredCallable.php:57}() D:\xampp\htdocs\termini\vendor\slim\slim\Slim\DeferredCallable.php:57
[23-Feb-2020 12:35:30 Europe/Belgrade] PHP  32. App\Middlewares\UserLevelMiddleware->__invoke() D:\xampp\htdocs\termini\vendor\slim\slim\Slim\DeferredCallable.php:57
[23-Feb-2020 12:35:30 Europe/Belgrade] PHP  33. Slim\Route->__invoke() D:\xampp\htdocs\termini\app\Middlewares\UserLevelMiddleware.php:31
[23-Feb-2020 12:35:30 Europe/Belgrade] PHP  34. Slim\Handlers\Strategies\RequestResponse->__invoke() D:\xampp\htdocs\termini\vendor\slim\slim\Slim\Route.php:281
[23-Feb-2020 12:35:30 Europe/Belgrade] PHP  35. call_user_func:{D:\xampp\htdocs\termini\vendor\slim\slim\Slim\Handlers\Strategies\RequestResponse.php:40}() D:\xampp\htdocs\termini\vendor\slim\slim\Slim\Handlers\Strategies\RequestResponse.php:40
[23-Feb-2020 12:35:30 Europe/Belgrade] PHP  36. App\Controllers\MeniController->getMeni() D:\xampp\htdocs\termini\vendor\slim\slim\Slim\Handlers\Strategies\RequestResponse.php:40
[23-Feb-2020 12:39:55 Europe/Belgrade] PHP Notice:  Undefined offset: 0 in D:\xampp\htdocs\termini\app\Controllers\MeniController.php on line 14
[23-Feb-2020 12:39:55 Europe/Belgrade] PHP Stack trace:
[23-Feb-2020 12:39:55 Europe/Belgrade] PHP   1. {main}() D:\xampp\htdocs\termini\pub\index.php:0
[23-Feb-2020 12:39:55 Europe/Belgrade] PHP   2. Slim\App->run() D:\xampp\htdocs\termini\pub\index.php:5
[23-Feb-2020 12:39:55 Europe/Belgrade] PHP   3. Slim\App->process() D:\xampp\htdocs\termini\vendor\slim\slim\Slim\App.php:297
[23-Feb-2020 12:39:55 Europe/Belgrade] PHP   4. Slim\App->callMiddlewareStack() D:\xampp\htdocs\termini\vendor\slim\slim\Slim\App.php:392
[23-Feb-2020 12:39:55 Europe/Belgrade] PHP   5. Slim\App->Slim\{closure}() D:\xampp\htdocs\termini\vendor\slim\slim\Slim\MiddlewareAwareTrait.php:117
[23-Feb-2020 12:39:55 Europe/Belgrade] PHP   6. call_user_func:{D:\xampp\htdocs\termini\vendor\slim\slim\Slim\MiddlewareAwareTrait.php:70}() D:\xampp\htdocs\termini\vendor\slim\slim\Slim\MiddlewareAwareTrait.php:70
[23-Feb-2020 12:39:55 Europe/Belgrade] PHP   7. Slim\DeferredCallable->__invoke() D:\xampp\htdocs\termini\vendor\slim\slim\Slim\MiddlewareAwareTrait.php:70
[23-Feb-2020 12:39:55 Europe/Belgrade] PHP   8. call_user_func_array:{D:\xampp\htdocs\termini\vendor\slim\slim\Slim\DeferredCallable.php:57}() D:\xampp\htdocs\termini\vendor\slim\slim\Slim\DeferredCallable.php:57
[23-Feb-2020 12:39:55 Europe/Belgrade] PHP   9. Slim\Csrf\Guard->__invoke() D:\xampp\htdocs\termini\vendor\slim\slim\Slim\DeferredCallable.php:57
[23-Feb-2020 12:39:55 Europe/Belgrade] PHP  10. Slim\App->Slim\{closure}() D:\xampp\htdocs\termini\vendor\slim\csrf\src\Guard.php:171
[23-Feb-2020 12:39:55 Europe/Belgrade] PHP  11. call_user_func:{D:\xampp\htdocs\termini\vendor\slim\slim\Slim\MiddlewareAwareTrait.php:70}() D:\xampp\htdocs\termini\vendor\slim\slim\Slim\MiddlewareAwareTrait.php:70
[23-Feb-2020 12:39:55 Europe/Belgrade] PHP  12. Slim\DeferredCallable->__invoke() D:\xampp\htdocs\termini\vendor\slim\slim\Slim\MiddlewareAwareTrait.php:70
[23-Feb-2020 12:39:55 Europe/Belgrade] PHP  13. call_user_func_array:{D:\xampp\htdocs\termini\vendor\slim\slim\Slim\DeferredCallable.php:57}() D:\xampp\htdocs\termini\vendor\slim\slim\Slim\DeferredCallable.php:57
[23-Feb-2020 12:39:55 Europe/Belgrade] PHP  14. App\Middlewares\CsrfMiddleware->__invoke() D:\xampp\htdocs\termini\vendor\slim\slim\Slim\DeferredCallable.php:57
[23-Feb-2020 12:39:55 Europe/Belgrade] PHP  15. Slim\App->Slim\{closure}() D:\xampp\htdocs\termini\app\Middlewares\CsrfMiddleware.php:14
[23-Feb-2020 12:39:55 Europe/Belgrade] PHP  16. call_user_func:{D:\xampp\htdocs\termini\vendor\slim\slim\Slim\MiddlewareAwareTrait.php:70}() D:\xampp\htdocs\termini\vendor\slim\slim\Slim\MiddlewareAwareTrait.php:70
[23-Feb-2020 12:39:55 Europe/Belgrade] PHP  17. Slim\DeferredCallable->__invoke() D:\xampp\htdocs\termini\vendor\slim\slim\Slim\MiddlewareAwareTrait.php:70
[23-Feb-2020 12:39:55 Europe/Belgrade] PHP  18. call_user_func_array:{D:\xampp\htdocs\termini\vendor\slim\slim\Slim\DeferredCallable.php:57}() D:\xampp\htdocs\termini\vendor\slim\slim\Slim\DeferredCallable.php:57
[23-Feb-2020 12:39:55 Europe/Belgrade] PHP  19. App\Middlewares\OldMiddleware->__invoke() D:\xampp\htdocs\termini\vendor\slim\slim\Slim\DeferredCallable.php:57
[23-Feb-2020 12:39:55 Europe/Belgrade] PHP  20. Slim\App->Slim\{closure}() D:\xampp\htdocs\termini\app\Middlewares\OldMiddleware.php:13
[23-Feb-2020 12:39:55 Europe/Belgrade] PHP  21. call_user_func:{D:\xampp\htdocs\termini\vendor\slim\slim\Slim\MiddlewareAwareTrait.php:70}() D:\xampp\htdocs\termini\vendor\slim\slim\Slim\MiddlewareAwareTrait.php:70
[23-Feb-2020 12:39:55 Europe/Belgrade] PHP  22. Slim\DeferredCallable->__invoke() D:\xampp\htdocs\termini\vendor\slim\slim\Slim\MiddlewareAwareTrait.php:70
[23-Feb-2020 12:39:55 Europe/Belgrade] PHP  23. call_user_func_array:{D:\xampp\htdocs\termini\vendor\slim\slim\Slim\DeferredCallable.php:57}() D:\xampp\htdocs\termini\vendor\slim\slim\Slim\DeferredCallable.php:57
[23-Feb-2020 12:39:55 Europe/Belgrade] PHP  24. App\Middlewares\ValidationErrorsMiddleware->__invoke() D:\xampp\htdocs\termini\vendor\slim\slim\Slim\DeferredCallable.php:57
[23-Feb-2020 12:39:55 Europe/Belgrade] PHP  25. Slim\App->__invoke() D:\xampp\htdocs\termini\app\Middlewares\ValidationErrorsMiddleware.php:15
[23-Feb-2020 12:39:55 Europe/Belgrade] PHP  26. Slim\Route->run() D:\xampp\htdocs\termini\vendor\slim\slim\Slim\App.php:503
[23-Feb-2020 12:39:55 Europe/Belgrade] PHP  27. Slim\Route->callMiddlewareStack() D:\xampp\htdocs\termini\vendor\slim\slim\Slim\Route.php:268
[23-Feb-2020 12:39:55 Europe/Belgrade] PHP  28. Slim\Route->Slim\{closure}() D:\xampp\htdocs\termini\vendor\slim\slim\Slim\MiddlewareAwareTrait.php:117
[23-Feb-2020 12:39:55 Europe/Belgrade] PHP  29. call_user_func:{D:\xampp\htdocs\termini\vendor\slim\slim\Slim\MiddlewareAwareTrait.php:70}() D:\xampp\htdocs\termini\vendor\slim\slim\Slim\MiddlewareAwareTrait.php:70
[23-Feb-2020 12:39:55 Europe/Belgrade] PHP  30. Slim\DeferredCallable->__invoke() D:\xampp\htdocs\termini\vendor\slim\slim\Slim\MiddlewareAwareTrait.php:70
[23-Feb-2020 12:39:55 Europe/Belgrade] PHP  31. call_user_func_array:{D:\xampp\htdocs\termini\vendor\slim\slim\Slim\DeferredCallable.php:57}() D:\xampp\htdocs\termini\vendor\slim\slim\Slim\DeferredCallable.php:57
[23-Feb-2020 12:39:55 Europe/Belgrade] PHP  32. App\Middlewares\UserLevelMiddleware->__invoke() D:\xampp\htdocs\termini\vendor\slim\slim\Slim\DeferredCallable.php:57
[23-Feb-2020 12:39:55 Europe/Belgrade] PHP  33. Slim\Route->__invoke() D:\xampp\htdocs\termini\app\Middlewares\UserLevelMiddleware.php:31
[23-Feb-2020 12:39:55 Europe/Belgrade] PHP  34. Slim\Handlers\Strategies\RequestResponse->__invoke() D:\xampp\htdocs\termini\vendor\slim\slim\Slim\Route.php:281
[23-Feb-2020 12:39:55 Europe/Belgrade] PHP  35. call_user_func:{D:\xampp\htdocs\termini\vendor\slim\slim\Slim\Handlers\Strategies\RequestResponse.php:40}() D:\xampp\htdocs\termini\vendor\slim\slim\Slim\Handlers\Strategies\RequestResponse.php:40
[23-Feb-2020 12:39:55 Europe/Belgrade] PHP  36. App\Controllers\MeniController->getMeni() D:\xampp\htdocs\termini\vendor\slim\slim\Slim\Handlers\Strategies\RequestResponse.php:40
[23-Feb-2020 12:39:55 Europe/Belgrade] PHP Notice:  Trying to get property 'data' of non-object in D:\xampp\htdocs\termini\app\Controllers\MeniController.php on line 14
[23-Feb-2020 12:39:55 Europe/Belgrade] PHP Stack trace:
[23-Feb-2020 12:39:55 Europe/Belgrade] PHP   1. {main}() D:\xampp\htdocs\termini\pub\index.php:0
[23-Feb-2020 12:39:55 Europe/Belgrade] PHP   2. Slim\App->run() D:\xampp\htdocs\termini\pub\index.php:5
[23-Feb-2020 12:39:55 Europe/Belgrade] PHP   3. Slim\App->process() D:\xampp\htdocs\termini\vendor\slim\slim\Slim\App.php:297
[23-Feb-2020 12:39:55 Europe/Belgrade] PHP   4. Slim\App->callMiddlewareStack() D:\xampp\htdocs\termini\vendor\slim\slim\Slim\App.php:392
[23-Feb-2020 12:39:55 Europe/Belgrade] PHP   5. Slim\App->Slim\{closure}() D:\xampp\htdocs\termini\vendor\slim\slim\Slim\MiddlewareAwareTrait.php:117
[23-Feb-2020 12:39:55 Europe/Belgrade] PHP   6. call_user_func:{D:\xampp\htdocs\termini\vendor\slim\slim\Slim\MiddlewareAwareTrait.php:70}() D:\xampp\htdocs\termini\vendor\slim\slim\Slim\MiddlewareAwareTrait.php:70
[23-Feb-2020 12:39:55 Europe/Belgrade] PHP   7. Slim\DeferredCallable->__invoke() D:\xampp\htdocs\termini\vendor\slim\slim\Slim\MiddlewareAwareTrait.php:70
[23-Feb-2020 12:39:55 Europe/Belgrade] PHP   8. call_user_func_array:{D:\xampp\htdocs\termini\vendor\slim\slim\Slim\DeferredCallable.php:57}() D:\xampp\htdocs\termini\vendor\slim\slim\Slim\DeferredCallable.php:57
[23-Feb-2020 12:39:55 Europe/Belgrade] PHP   9. Slim\Csrf\Guard->__invoke() D:\xampp\htdocs\termini\vendor\slim\slim\Slim\DeferredCallable.php:57
[23-Feb-2020 12:39:55 Europe/Belgrade] PHP  10. Slim\App->Slim\{closure}() D:\xampp\htdocs\termini\vendor\slim\csrf\src\Guard.php:171
[23-Feb-2020 12:39:55 Europe/Belgrade] PHP  11. call_user_func:{D:\xampp\htdocs\termini\vendor\slim\slim\Slim\MiddlewareAwareTrait.php:70}() D:\xampp\htdocs\termini\vendor\slim\slim\Slim\MiddlewareAwareTrait.php:70
[23-Feb-2020 12:39:55 Europe/Belgrade] PHP  12. Slim\DeferredCallable->__invoke() D:\xampp\htdocs\termini\vendor\slim\slim\Slim\MiddlewareAwareTrait.php:70
[23-Feb-2020 12:39:55 Europe/Belgrade] PHP  13. call_user_func_array:{D:\xampp\htdocs\termini\vendor\slim\slim\Slim\DeferredCallable.php:57}() D:\xampp\htdocs\termini\vendor\slim\slim\Slim\DeferredCallable.php:57
[23-Feb-2020 12:39:55 Europe/Belgrade] PHP  14. App\Middlewares\CsrfMiddleware->__invoke() D:\xampp\htdocs\termini\vendor\slim\slim\Slim\DeferredCallable.php:57
[23-Feb-2020 12:39:55 Europe/Belgrade] PHP  15. Slim\App->Slim\{closure}() D:\xampp\htdocs\termini\app\Middlewares\CsrfMiddleware.php:14
[23-Feb-2020 12:39:55 Europe/Belgrade] PHP  16. call_user_func:{D:\xampp\htdocs\termini\vendor\slim\slim\Slim\MiddlewareAwareTrait.php:70}() D:\xampp\htdocs\termini\vendor\slim\slim\Slim\MiddlewareAwareTrait.php:70
[23-Feb-2020 12:39:55 Europe/Belgrade] PHP  17. Slim\DeferredCallable->__invoke() D:\xampp\htdocs\termini\vendor\slim\slim\Slim\MiddlewareAwareTrait.php:70
[23-Feb-2020 12:39:55 Europe/Belgrade] PHP  18. call_user_func_array:{D:\xampp\htdocs\termini\vendor\slim\slim\Slim\DeferredCallable.php:57}() D:\xampp\htdocs\termini\vendor\slim\slim\Slim\DeferredCallable.php:57
[23-Feb-2020 12:39:55 Europe/Belgrade] PHP  19. App\Middlewares\OldMiddleware->__invoke() D:\xampp\htdocs\termini\vendor\slim\slim\Slim\DeferredCallable.php:57
[23-Feb-2020 12:39:55 Europe/Belgrade] PHP  20. Slim\App->Slim\{closure}() D:\xampp\htdocs\termini\app\Middlewares\OldMiddleware.php:13
[23-Feb-2020 12:39:55 Europe/Belgrade] PHP  21. call_user_func:{D:\xampp\htdocs\termini\vendor\slim\slim\Slim\MiddlewareAwareTrait.php:70}() D:\xampp\htdocs\termini\vendor\slim\slim\Slim\MiddlewareAwareTrait.php:70
[23-Feb-2020 12:39:55 Europe/Belgrade] PHP  22. Slim\DeferredCallable->__invoke() D:\xampp\htdocs\termini\vendor\slim\slim\Slim\MiddlewareAwareTrait.php:70
[23-Feb-2020 12:39:55 Europe/Belgrade] PHP  23. call_user_func_array:{D:\xampp\htdocs\termini\vendor\slim\slim\Slim\DeferredCallable.php:57}() D:\xampp\htdocs\termini\vendor\slim\slim\Slim\DeferredCallable.php:57
[23-Feb-2020 12:39:55 Europe/Belgrade] PHP  24. App\Middlewares\ValidationErrorsMiddleware->__invoke() D:\xampp\htdocs\termini\vendor\slim\slim\Slim\DeferredCallable.php:57
[23-Feb-2020 12:39:55 Europe/Belgrade] PHP  25. Slim\App->__invoke() D:\xampp\htdocs\termini\app\Middlewares\ValidationErrorsMiddleware.php:15
[23-Feb-2020 12:39:55 Europe/Belgrade] PHP  26. Slim\Route->run() D:\xampp\htdocs\termini\vendor\slim\slim\Slim\App.php:503
[23-Feb-2020 12:39:55 Europe/Belgrade] PHP  27. Slim\Route->callMiddlewareStack() D:\xampp\htdocs\termini\vendor\slim\slim\Slim\Route.php:268
[23-Feb-2020 12:39:55 Europe/Belgrade] PHP  28. Slim\Route->Slim\{closure}() D:\xampp\htdocs\termini\vendor\slim\slim\Slim\MiddlewareAwareTrait.php:117
[23-Feb-2020 12:39:55 Europe/Belgrade] PHP  29. call_user_func:{D:\xampp\htdocs\termini\vendor\slim\slim\Slim\MiddlewareAwareTrait.php:70}() D:\xampp\htdocs\termini\vendor\slim\slim\Slim\MiddlewareAwareTrait.php:70
[23-Feb-2020 12:39:55 Europe/Belgrade] PHP  30. Slim\DeferredCallable->__invoke() D:\xampp\htdocs\termini\vendor\slim\slim\Slim\MiddlewareAwareTrait.php:70
[23-Feb-2020 12:39:55 Europe/Belgrade] PHP  31. call_user_func_array:{D:\xampp\htdocs\termini\vendor\slim\slim\Slim\DeferredCallable.php:57}() D:\xampp\htdocs\termini\vendor\slim\slim\Slim\DeferredCallable.php:57
[23-Feb-2020 12:39:55 Europe/Belgrade] PHP  32. App\Middlewares\UserLevelMiddleware->__invoke() D:\xampp\htdocs\termini\vendor\slim\slim\Slim\DeferredCallable.php:57
[23-Feb-2020 12:39:55 Europe/Belgrade] PHP  33. Slim\Route->__invoke() D:\xampp\htdocs\termini\app\Middlewares\UserLevelMiddleware.php:31
[23-Feb-2020 12:39:55 Europe/Belgrade] PHP  34. Slim\Handlers\Strategies\RequestResponse->__invoke() D:\xampp\htdocs\termini\vendor\slim\slim\Slim\Route.php:281
[23-Feb-2020 12:39:55 Europe/Belgrade] PHP  35. call_user_func:{D:\xampp\htdocs\termini\vendor\slim\slim\Slim\Handlers\Strategies\RequestResponse.php:40}() D:\xampp\htdocs\termini\vendor\slim\slim\Slim\Handlers\Strategies\RequestResponse.php:40
[23-Feb-2020 12:39:55 Europe/Belgrade] PHP  36. App\Controllers\MeniController->getMeni() D:\xampp\htdocs\termini\vendor\slim\slim\Slim\Handlers\Strategies\RequestResponse.php:40
[23-Feb-2020 12:40:11 Europe/Belgrade] PHP Notice:  Undefined offset: 0 in D:\xampp\htdocs\termini\app\Controllers\MeniController.php on line 14
[23-Feb-2020 12:40:11 Europe/Belgrade] PHP Stack trace:
[23-Feb-2020 12:40:11 Europe/Belgrade] PHP   1. {main}() D:\xampp\htdocs\termini\pub\index.php:0
[23-Feb-2020 12:40:11 Europe/Belgrade] PHP   2. Slim\App->run() D:\xampp\htdocs\termini\pub\index.php:5
[23-Feb-2020 12:40:11 Europe/Belgrade] PHP   3. Slim\App->process() D:\xampp\htdocs\termini\vendor\slim\slim\Slim\App.php:297
[23-Feb-2020 12:40:11 Europe/Belgrade] PHP   4. Slim\App->callMiddlewareStack() D:\xampp\htdocs\termini\vendor\slim\slim\Slim\App.php:392
[23-Feb-2020 12:40:11 Europe/Belgrade] PHP   5. Slim\App->Slim\{closure}() D:\xampp\htdocs\termini\vendor\slim\slim\Slim\MiddlewareAwareTrait.php:117
[23-Feb-2020 12:40:11 Europe/Belgrade] PHP   6. call_user_func:{D:\xampp\htdocs\termini\vendor\slim\slim\Slim\MiddlewareAwareTrait.php:70}() D:\xampp\htdocs\termini\vendor\slim\slim\Slim\MiddlewareAwareTrait.php:70
[23-Feb-2020 12:40:11 Europe/Belgrade] PHP   7. Slim\DeferredCallable->__invoke() D:\xampp\htdocs\termini\vendor\slim\slim\Slim\MiddlewareAwareTrait.php:70
[23-Feb-2020 12:40:11 Europe/Belgrade] PHP   8. call_user_func_array:{D:\xampp\htdocs\termini\vendor\slim\slim\Slim\DeferredCallable.php:57}() D:\xampp\htdocs\termini\vendor\slim\slim\Slim\DeferredCallable.php:57
[23-Feb-2020 12:40:11 Europe/Belgrade] PHP   9. Slim\Csrf\Guard->__invoke() D:\xampp\htdocs\termini\vendor\slim\slim\Slim\DeferredCallable.php:57
[23-Feb-2020 12:40:11 Europe/Belgrade] PHP  10. Slim\App->Slim\{closure}() D:\xampp\htdocs\termini\vendor\slim\csrf\src\Guard.php:171
[23-Feb-2020 12:40:11 Europe/Belgrade] PHP  11. call_user_func:{D:\xampp\htdocs\termini\vendor\slim\slim\Slim\MiddlewareAwareTrait.php:70}() D:\xampp\htdocs\termini\vendor\slim\slim\Slim\MiddlewareAwareTrait.php:70
[23-Feb-2020 12:40:11 Europe/Belgrade] PHP  12. Slim\DeferredCallable->__invoke() D:\xampp\htdocs\termini\vendor\slim\slim\Slim\MiddlewareAwareTrait.php:70
[23-Feb-2020 12:40:11 Europe/Belgrade] PHP  13. call_user_func_array:{D:\xampp\htdocs\termini\vendor\slim\slim\Slim\DeferredCallable.php:57}() D:\xampp\htdocs\termini\vendor\slim\slim\Slim\DeferredCallable.php:57
[23-Feb-2020 12:40:11 Europe/Belgrade] PHP  14. App\Middlewares\CsrfMiddleware->__invoke() D:\xampp\htdocs\termini\vendor\slim\slim\Slim\DeferredCallable.php:57
[23-Feb-2020 12:40:11 Europe/Belgrade] PHP  15. Slim\App->Slim\{closure}() D:\xampp\htdocs\termini\app\Middlewares\CsrfMiddleware.php:14
[23-Feb-2020 12:40:11 Europe/Belgrade] PHP  16. call_user_func:{D:\xampp\htdocs\termini\vendor\slim\slim\Slim\MiddlewareAwareTrait.php:70}() D:\xampp\htdocs\termini\vendor\slim\slim\Slim\MiddlewareAwareTrait.php:70
[23-Feb-2020 12:40:11 Europe/Belgrade] PHP  17. Slim\DeferredCallable->__invoke() D:\xampp\htdocs\termini\vendor\slim\slim\Slim\MiddlewareAwareTrait.php:70
[23-Feb-2020 12:40:11 Europe/Belgrade] PHP  18. call_user_func_array:{D:\xampp\htdocs\termini\vendor\slim\slim\Slim\DeferredCallable.php:57}() D:\xampp\htdocs\termini\vendor\slim\slim\Slim\DeferredCallable.php:57
[23-Feb-2020 12:40:11 Europe/Belgrade] PHP  19. App\Middlewares\OldMiddleware->__invoke() D:\xampp\htdocs\termini\vendor\slim\slim\Slim\DeferredCallable.php:57
[23-Feb-2020 12:40:11 Europe/Belgrade] PHP  20. Slim\App->Slim\{closure}() D:\xampp\htdocs\termini\app\Middlewares\OldMiddleware.php:13
[23-Feb-2020 12:40:11 Europe/Belgrade] PHP  21. call_user_func:{D:\xampp\htdocs\termini\vendor\slim\slim\Slim\MiddlewareAwareTrait.php:70}() D:\xampp\htdocs\termini\vendor\slim\slim\Slim\MiddlewareAwareTrait.php:70
[23-Feb-2020 12:40:11 Europe/Belgrade] PHP  22. Slim\DeferredCallable->__invoke() D:\xampp\htdocs\termini\vendor\slim\slim\Slim\MiddlewareAwareTrait.php:70
[23-Feb-2020 12:40:11 Europe/Belgrade] PHP  23. call_user_func_array:{D:\xampp\htdocs\termini\vendor\slim\slim\Slim\DeferredCallable.php:57}() D:\xampp\htdocs\termini\vendor\slim\slim\Slim\DeferredCallable.php:57
[23-Feb-2020 12:40:11 Europe/Belgrade] PHP  24. App\Middlewares\ValidationErrorsMiddleware->__invoke() D:\xampp\htdocs\termini\vendor\slim\slim\Slim\DeferredCallable.php:57
[23-Feb-2020 12:40:11 Europe/Belgrade] PHP  25. Slim\App->__invoke() D:\xampp\htdocs\termini\app\Middlewares\ValidationErrorsMiddleware.php:15
[23-Feb-2020 12:40:11 Europe/Belgrade] PHP  26. Slim\Route->run() D:\xampp\htdocs\termini\vendor\slim\slim\Slim\App.php:503
[23-Feb-2020 12:40:11 Europe/Belgrade] PHP  27. Slim\Route->callMiddlewareStack() D:\xampp\htdocs\termini\vendor\slim\slim\Slim\Route.php:268
[23-Feb-2020 12:40:11 Europe/Belgrade] PHP  28. Slim\Route->Slim\{closure}() D:\xampp\htdocs\termini\vendor\slim\slim\Slim\MiddlewareAwareTrait.php:117
[23-Feb-2020 12:40:11 Europe/Belgrade] PHP  29. call_user_func:{D:\xampp\htdocs\termini\vendor\slim\slim\Slim\MiddlewareAwareTrait.php:70}() D:\xampp\htdocs\termini\vendor\slim\slim\Slim\MiddlewareAwareTrait.php:70
[23-Feb-2020 12:40:11 Europe/Belgrade] PHP  30. Slim\DeferredCallable->__invoke() D:\xampp\htdocs\termini\vendor\slim\slim\Slim\MiddlewareAwareTrait.php:70
[23-Feb-2020 12:40:11 Europe/Belgrade] PHP  31. call_user_func_array:{D:\xampp\htdocs\termini\vendor\slim\slim\Slim\DeferredCallable.php:57}() D:\xampp\htdocs\termini\vendor\slim\slim\Slim\DeferredCallable.php:57
[23-Feb-2020 12:40:11 Europe/Belgrade] PHP  32. App\Middlewares\UserLevelMiddleware->__invoke() D:\xampp\htdocs\termini\vendor\slim\slim\Slim\DeferredCallable.php:57
[23-Feb-2020 12:40:11 Europe/Belgrade] PHP  33. Slim\Route->__invoke() D:\xampp\htdocs\termini\app\Middlewares\UserLevelMiddleware.php:31
[23-Feb-2020 12:40:11 Europe/Belgrade] PHP  34. Slim\Handlers\Strategies\RequestResponse->__invoke() D:\xampp\htdocs\termini\vendor\slim\slim\Slim\Route.php:281
[23-Feb-2020 12:40:11 Europe/Belgrade] PHP  35. call_user_func:{D:\xampp\htdocs\termini\vendor\slim\slim\Slim\Handlers\Strategies\RequestResponse.php:40}() D:\xampp\htdocs\termini\vendor\slim\slim\Slim\Handlers\Strategies\RequestResponse.php:40
[23-Feb-2020 12:40:11 Europe/Belgrade] PHP  36. App\Controllers\MeniController->getMeni() D:\xampp\htdocs\termini\vendor\slim\slim\Slim\Handlers\Strategies\RequestResponse.php:40
